2022-06-29 11:23:09.353  INFO 53560 --- [main] com.project.SpringbootdemoApplication    : Starting SpringbootdemoApplication using Java 1.8.0_101 on DESKTOP-41QMJ4S with PID 53560 (D:\ideaWorkSpace\springbootdemo\target\classes started by ChrisPhos in D:\ideaWorkSpace\springbootdemo)
2022-06-29 11:23:09.356  INFO 53560 --- [main] com.project.SpringbootdemoApplication    : No active profile set, falling back to 1 default profile: "default"
2022-06-29 11:23:09.930  INFO 53560 --- [main] .s.d.r.c.RepositoryConfigurationDelegate : Multiple Spring Data modules found, entering strict repository configuration mode!
2022-06-29 11:23:09.931  INFO 53560 --- [main] .s.d.r.c.RepositoryConfigurationDelegate : Bootstrapping Spring Data Redis repositories in DEFAULT mode.
2022-06-29 11:23:09.947  INFO 53560 --- [main] .s.d.r.c.RepositoryConfigurationDelegate : Finished Spring Data repository scanning in 6 ms. Found 0 Redis repository interfaces.
2022-06-29 11:23:10.420  INFO 53560 --- [main] o.s.b.w.embedded.tomcat.TomcatWebServer  : Tomcat initialized with port(s): 8085 (http)
2022-06-29 11:23:10.426  INFO 53560 --- [main] o.a.coyote.http11.Http11NioProtocol      : Initializing ProtocolHandler ["http-nio-8085"]
2022-06-29 11:23:10.426  INFO 53560 --- [main] o.apache.catalina.core.StandardService   : Starting service [Tomcat]
2022-06-29 11:23:10.426  INFO 53560 --- [main] org.apache.catalina.core.StandardEngine  : Starting Servlet engine: [Apache Tomcat/9.0.63]
2022-06-29 11:23:10.556  INFO 53560 --- [main] o.a.c.c.C.[Tomcat].[localhost].[/]       : Initializing Spring embedded WebApplicationContext
2022-06-29 11:23:10.556  INFO 53560 --- [main] w.s.c.ServletWebServerApplicationContext : Root WebApplicationContext: initialization completed in 1169 ms
2022-06-29 11:23:10.837  INFO 53560 --- [main] c.a.d.s.b.a.DruidDataSourceAutoConfigure : Init DruidDataSource
2022-06-29 11:23:13.302  INFO 53560 --- [main] com.alibaba.druid.pool.DruidDataSource   : {dataSource-1} inited
2022-06-29 11:23:13.951  INFO 53560 --- [main] pertySourcedRequestMappingHandlerMapping : Mapped URL path [/v2/api-docs] onto method [springfox.documentation.swagger2.web.Swagger2Controller#getDocumentation(String, HttpServletRequest)]
2022-06-29 11:23:14.318  INFO 53560 --- [main] o.a.coyote.http11.Http11NioProtocol      : Starting ProtocolHandler ["http-nio-8085"]
2022-06-29 11:23:14.333  INFO 53560 --- [main] o.s.b.w.embedded.tomcat.TomcatWebServer  : Tomcat started on port(s): 8085 (http) with context path ''
2022-06-29 11:23:14.333  INFO 53560 --- [main] d.s.w.p.DocumentationPluginsBootstrapper : Context refreshed
2022-06-29 11:23:14.344  INFO 53560 --- [main] d.s.w.p.DocumentationPluginsBootstrapper : Found 1 custom documentation plugin(s)
2022-06-29 11:23:14.366  INFO 53560 --- [main] s.d.s.w.s.ApiListingReferenceScanner     : Scanning for api listing references
2022-06-29 11:23:14.378  INFO 53560 --- [main] com.project.SpringbootdemoApplication    : Started SpringbootdemoApplication in 5.417 seconds (JVM running for 6.073)
2022-06-29 11:33:10.985  INFO 53560 --- [SpringApplicationShutdownHook] com.alibaba.druid.pool.DruidDataSource   : {dataSource-1} closing ...
2022-06-29 11:33:10.989  INFO 53560 --- [SpringApplicationShutdownHook] com.alibaba.druid.pool.DruidDataSource   : {dataSource-1} closed
2022-06-29 11:33:16.659  INFO 55584 --- [main] com.project.SpringbootdemoApplication    : Starting SpringbootdemoApplication using Java 1.8.0_101 on DESKTOP-41QMJ4S with PID 55584 (D:\ideaWorkSpace\springbootdemo\target\classes started by ChrisPhos in D:\ideaWorkSpace\springbootdemo)
2022-06-29 11:33:16.660  INFO 55584 --- [main] com.project.SpringbootdemoApplication    : No active profile set, falling back to 1 default profile: "default"
2022-06-29 11:33:17.205  INFO 55584 --- [main] .s.d.r.c.RepositoryConfigurationDelegate : Multiple Spring Data modules found, entering strict repository configuration mode!
2022-06-29 11:33:17.206  INFO 55584 --- [main] .s.d.r.c.RepositoryConfigurationDelegate : Bootstrapping Spring Data Redis repositories in DEFAULT mode.
2022-06-29 11:33:17.222  INFO 55584 --- [main] .s.d.r.c.RepositoryConfigurationDelegate : Finished Spring Data repository scanning in 5 ms. Found 0 Redis repository interfaces.
2022-06-29 11:33:17.671  INFO 55584 --- [main] o.s.b.w.embedded.tomcat.TomcatWebServer  : Tomcat initialized with port(s): 8085 (http)
2022-06-29 11:33:17.677  INFO 55584 --- [main] o.a.coyote.http11.Http11NioProtocol      : Initializing ProtocolHandler ["http-nio-8085"]
2022-06-29 11:33:17.677  INFO 55584 --- [main] o.apache.catalina.core.StandardService   : Starting service [Tomcat]
2022-06-29 11:33:17.677  INFO 55584 --- [main] org.apache.catalina.core.StandardEngine  : Starting Servlet engine: [Apache Tomcat/9.0.63]
2022-06-29 11:33:17.838  INFO 55584 --- [main] o.a.c.c.C.[Tomcat].[localhost].[/]       : Initializing Spring embedded WebApplicationContext
2022-06-29 11:33:17.838  INFO 55584 --- [main] w.s.c.ServletWebServerApplicationContext : Root WebApplicationContext: initialization completed in 1150 ms
2022-06-29 11:33:18.120  INFO 55584 --- [main] c.a.d.s.b.a.DruidDataSourceAutoConfigure : Init DruidDataSource
2022-06-29 11:33:20.532  INFO 55584 --- [main] com.alibaba.druid.pool.DruidDataSource   : {dataSource-1} inited
2022-06-29 11:33:21.141  INFO 55584 --- [main] pertySourcedRequestMappingHandlerMapping : Mapped URL path [/v2/api-docs] onto method [springfox.documentation.swagger2.web.Swagger2Controller#getDocumentation(String, HttpServletRequest)]
2022-06-29 11:33:21.504  INFO 55584 --- [main] o.a.coyote.http11.Http11NioProtocol      : Starting ProtocolHandler ["http-nio-8085"]
2022-06-29 11:33:21.516  INFO 55584 --- [main] o.s.b.w.embedded.tomcat.TomcatWebServer  : Tomcat started on port(s): 8085 (http) with context path ''
2022-06-29 11:33:21.516  INFO 55584 --- [main] d.s.w.p.DocumentationPluginsBootstrapper : Context refreshed
2022-06-29 11:33:21.528  INFO 55584 --- [main] d.s.w.p.DocumentationPluginsBootstrapper : Found 1 custom documentation plugin(s)
2022-06-29 11:33:21.549  INFO 55584 --- [main] s.d.s.w.s.ApiListingReferenceScanner     : Scanning for api listing references
2022-06-29 11:33:21.563  INFO 55584 --- [main] com.project.SpringbootdemoApplication    : Started SpringbootdemoApplication in 5.254 seconds (JVM running for 6.173)
2022-06-29 11:34:31.843  INFO 55584 --- [http-nio-8085-exec-2] o.a.c.c.C.[Tomcat].[localhost].[/]       : Initializing Spring DispatcherServlet 'dispatcherServlet'
2022-06-29 11:34:31.843  INFO 55584 --- [http-nio-8085-exec-2] o.s.web.servlet.DispatcherServlet        : Initializing Servlet 'dispatcherServlet'
2022-06-29 11:34:31.844  INFO 55584 --- [http-nio-8085-exec-2] o.s.web.servlet.DispatcherServlet        : Completed initialization in 1 ms
2022-06-29 11:35:08.445  INFO 55584 --- [SpringApplicationShutdownHook] com.alibaba.druid.pool.DruidDataSource   : {dataSource-1} closing ...
2022-06-29 11:35:08.448  INFO 55584 --- [SpringApplicationShutdownHook] com.alibaba.druid.pool.DruidDataSource   : {dataSource-1} closed
2022-06-29 11:35:13.113  INFO 49584 --- [main] com.project.SpringbootdemoApplication    : Starting SpringbootdemoApplication using Java 1.8.0_101 on DESKTOP-41QMJ4S with PID 49584 (D:\ideaWorkSpace\springbootdemo\target\classes started by ChrisPhos in D:\ideaWorkSpace\springbootdemo)
2022-06-29 11:35:13.116  INFO 49584 --- [main] com.project.SpringbootdemoApplication    : No active profile set, falling back to 1 default profile: "default"
2022-06-29 11:35:13.670  INFO 49584 --- [main] .s.d.r.c.RepositoryConfigurationDelegate : Multiple Spring Data modules found, entering strict repository configuration mode!
2022-06-29 11:35:13.672  INFO 49584 --- [main] .s.d.r.c.RepositoryConfigurationDelegate : Bootstrapping Spring Data Redis repositories in DEFAULT mode.
2022-06-29 11:35:13.691  INFO 49584 --- [main] .s.d.r.c.RepositoryConfigurationDelegate : Finished Spring Data repository scanning in 7 ms. Found 0 Redis repository interfaces.
2022-06-29 11:35:14.190  INFO 49584 --- [main] o.s.b.w.embedded.tomcat.TomcatWebServer  : Tomcat initialized with port(s): 8085 (http)
2022-06-29 11:35:14.196  INFO 49584 --- [main] o.a.coyote.http11.Http11NioProtocol      : Initializing ProtocolHandler ["http-nio-8085"]
2022-06-29 11:35:14.197  INFO 49584 --- [main] o.apache.catalina.core.StandardService   : Starting service [Tomcat]
2022-06-29 11:35:14.197  INFO 49584 --- [main] org.apache.catalina.core.StandardEngine  : Starting Servlet engine: [Apache Tomcat/9.0.63]
2022-06-29 11:35:14.327  INFO 49584 --- [main] o.a.c.c.C.[Tomcat].[localhost].[/]       : Initializing Spring embedded WebApplicationContext
2022-06-29 11:35:14.327  INFO 49584 --- [main] w.s.c.ServletWebServerApplicationContext : Root WebApplicationContext: initialization completed in 1179 ms
2022-06-29 11:35:14.645  INFO 49584 --- [main] c.a.d.s.b.a.DruidDataSourceAutoConfigure : Init DruidDataSource
2022-06-29 11:35:18.730  INFO 49584 --- [main] com.alibaba.druid.pool.DruidDataSource   : {dataSource-1} inited
2022-06-29 11:35:19.374  INFO 49584 --- [main] pertySourcedRequestMappingHandlerMapping : Mapped URL path [/v2/api-docs] onto method [springfox.documentation.swagger2.web.Swagger2Controller#getDocumentation(String, HttpServletRequest)]
2022-06-29 11:35:19.731  INFO 49584 --- [main] o.a.coyote.http11.Http11NioProtocol      : Starting ProtocolHandler ["http-nio-8085"]
2022-06-29 11:35:19.743  INFO 49584 --- [main] o.s.b.w.embedded.tomcat.TomcatWebServer  : Tomcat started on port(s): 8085 (http) with context path ''
2022-06-29 11:35:19.743  INFO 49584 --- [main] d.s.w.p.DocumentationPluginsBootstrapper : Context refreshed
2022-06-29 11:35:19.755  INFO 49584 --- [main] d.s.w.p.DocumentationPluginsBootstrapper : Found 1 custom documentation plugin(s)
2022-06-29 11:35:19.775  INFO 49584 --- [main] s.d.s.w.s.ApiListingReferenceScanner     : Scanning for api listing references
2022-06-29 11:35:19.789  INFO 49584 --- [main] com.project.SpringbootdemoApplication    : Started SpringbootdemoApplication in 7.06 seconds (JVM running for 7.665)
2022-06-29 11:35:22.403  INFO 49584 --- [http-nio-8085-exec-2] o.a.c.c.C.[Tomcat].[localhost].[/]       : Initializing Spring DispatcherServlet 'dispatcherServlet'
2022-06-29 11:35:22.403  INFO 49584 --- [http-nio-8085-exec-2] o.s.web.servlet.DispatcherServlet        : Initializing Servlet 'dispatcherServlet'
2022-06-29 11:35:22.404  INFO 49584 --- [http-nio-8085-exec-2] o.s.web.servlet.DispatcherServlet        : Completed initialization in 1 ms
2022-06-29 11:39:53.213  INFO 49584 --- [SpringApplicationShutdownHook] com.alibaba.druid.pool.DruidDataSource   : {dataSource-1} closing ...
2022-06-29 11:39:53.217  INFO 49584 --- [SpringApplicationShutdownHook] com.alibaba.druid.pool.DruidDataSource   : {dataSource-1} closed
2022-06-29 11:39:59.526  INFO 52476 --- [main] com.project.SpringbootdemoApplication    : Starting SpringbootdemoApplication using Java 1.8.0_101 on DESKTOP-41QMJ4S with PID 52476 (D:\ideaWorkSpace\springbootdemo\target\classes started by ChrisPhos in D:\ideaWorkSpace\springbootdemo)
2022-06-29 11:39:59.528  INFO 52476 --- [main] com.project.SpringbootdemoApplication    : No active profile set, falling back to 1 default profile: "default"
2022-06-29 11:40:00.141  INFO 52476 --- [main] .s.d.r.c.RepositoryConfigurationDelegate : Multiple Spring Data modules found, entering strict repository configuration mode!
2022-06-29 11:40:00.143  INFO 52476 --- [main] .s.d.r.c.RepositoryConfigurationDelegate : Bootstrapping Spring Data Redis repositories in DEFAULT mode.
2022-06-29 11:40:00.159  INFO 52476 --- [main] .s.d.r.c.RepositoryConfigurationDelegate : Finished Spring Data repository scanning in 6 ms. Found 0 Redis repository interfaces.
2022-06-29 11:40:00.626  INFO 52476 --- [main] o.s.b.w.embedded.tomcat.TomcatWebServer  : Tomcat initialized with port(s): 8085 (http)
2022-06-29 11:40:00.631  INFO 52476 --- [main] o.a.coyote.http11.Http11NioProtocol      : Initializing ProtocolHandler ["http-nio-8085"]
2022-06-29 11:40:00.632  INFO 52476 --- [main] o.apache.catalina.core.StandardService   : Starting service [Tomcat]
2022-06-29 11:40:00.632  INFO 52476 --- [main] org.apache.catalina.core.StandardEngine  : Starting Servlet engine: [Apache Tomcat/9.0.63]
2022-06-29 11:40:00.755  INFO 52476 --- [main] o.a.c.c.C.[Tomcat].[localhost].[/]       : Initializing Spring embedded WebApplicationContext
2022-06-29 11:40:00.755  INFO 52476 --- [main] w.s.c.ServletWebServerApplicationContext : Root WebApplicationContext: initialization completed in 1194 ms
2022-06-29 11:40:00.814  INFO 52476 --- [main] o.apache.catalina.core.StandardService   : Stopping service [Tomcat]
2022-06-29 11:40:00.827  INFO 52476 --- [main] ConditionEvaluationReportLoggingListener : 

Error starting ApplicationContext. To display the conditions report re-run your application with 'debug' enabled.
2022-06-29 11:42:07.473  INFO 55368 --- [main] com.project.SpringbootdemoApplication    : Starting SpringbootdemoApplication using Java 1.8.0_101 on DESKTOP-41QMJ4S with PID 55368 (D:\ideaWorkSpace\springbootdemo\target\classes started by ChrisPhos in D:\ideaWorkSpace\springbootdemo)
2022-06-29 11:42:07.475  INFO 55368 --- [main] com.project.SpringbootdemoApplication    : No active profile set, falling back to 1 default profile: "default"
2022-06-29 11:42:08.037  INFO 55368 --- [main] .s.d.r.c.RepositoryConfigurationDelegate : Multiple Spring Data modules found, entering strict repository configuration mode!
2022-06-29 11:42:08.039  INFO 55368 --- [main] .s.d.r.c.RepositoryConfigurationDelegate : Bootstrapping Spring Data Redis repositories in DEFAULT mode.
2022-06-29 11:42:08.058  INFO 55368 --- [main] .s.d.r.c.RepositoryConfigurationDelegate : Finished Spring Data repository scanning in 6 ms. Found 0 Redis repository interfaces.
2022-06-29 11:42:08.551  INFO 55368 --- [main] o.s.b.w.embedded.tomcat.TomcatWebServer  : Tomcat initialized with port(s): 8085 (http)
2022-06-29 11:42:08.557  INFO 55368 --- [main] o.a.coyote.http11.Http11NioProtocol      : Initializing ProtocolHandler ["http-nio-8085"]
2022-06-29 11:42:08.557  INFO 55368 --- [main] o.apache.catalina.core.StandardService   : Starting service [Tomcat]
2022-06-29 11:42:08.558  INFO 55368 --- [main] org.apache.catalina.core.StandardEngine  : Starting Servlet engine: [Apache Tomcat/9.0.63]
2022-06-29 11:42:08.687  INFO 55368 --- [main] o.a.c.c.C.[Tomcat].[localhost].[/]       : Initializing Spring embedded WebApplicationContext
2022-06-29 11:42:08.687  INFO 55368 --- [main] w.s.c.ServletWebServerApplicationContext : Root WebApplicationContext: initialization completed in 1178 ms
2022-06-29 11:42:08.755  INFO 55368 --- [main] o.apache.catalina.core.StandardService   : Stopping service [Tomcat]
2022-06-29 11:42:08.769  INFO 55368 --- [main] ConditionEvaluationReportLoggingListener : 

Error starting ApplicationContext. To display the conditions report re-run your application with 'debug' enabled.
